<?xml version="1.0" encoding="UTF-8"?>
<testsuite name="RegistrationTest" tests="2" skipped="0" failures="0" errors="0" timestamp="2021-08-01T21:57:19" hostname="TALA-GÉPE" time="8.185">
  <properties/>
  <testcase name="registrationSuccessful()" classname="RegistrationTest" time="6.077"/>
  <testcase name="registrationUnsuccessful()" classname="RegistrationTest" time="2.105"/>
  <system-out><![CDATA[]]></system-out>
  <system-err><![CDATA[Starting ChromeDriver 92.0.4515.107 (87a818b10553a07434ea9e2b6dccf3cbe7895134-refs/branch-heads/4515@{#1634}) on port 5837
Only local connections are allowed.
Please see https://chromedriver.chromium.org/security-considerations for suggestions on keeping ChromeDriver safe.
ChromeDriver was started successfully.
aug. 01, 2021 11:57:18 DU. org.openqa.selenium.remote.ProtocolHandshake createSession
INFO: Detected dialect: W3C
]]></system-err>
</testsuite>
