<?xml version="1.0" encoding="UTF-8"?>
<testsuite name="RegistrationTest" tests="2" skipped="0" failures="0" errors="0" timestamp="2021-08-01T11:38:50" hostname="TALA-GÉPE" time="7.824">
  <properties/>
  <testcase name="registrationSuccessful()" classname="RegistrationTest" time="5.951"/>
  <testcase name="registrationUnsuccessful()" classname="RegistrationTest" time="1.866"/>
  <system-out><![CDATA[]]></system-out>
  <system-err><![CDATA[Starting ChromeDriver 92.0.4515.107 (87a818b10553a07434ea9e2b6dccf3cbe7895134-refs/branch-heads/4515@{#1634}) on port 11439
Only local connections are allowed.
Please see https://chromedriver.chromium.org/security-considerations for suggestions on keeping ChromeDriver safe.
ChromeDriver was started successfully.
aug. 01, 2021 1:38:50 DU. org.openqa.selenium.remote.ProtocolHandshake createSession
INFO: Detected dialect: W3C
]]></system-err>
</testsuite>
